p/0142.jpg 1 0 0 640 360
p/0141.jpg 1 0 0 640 360
p/0140.jpg 1 0 0 640 360
p/0139.jpg 1 0 0 640 360
p/0138.jpg 1 0 0 640 360
p/0137.jpg 1 0 0 640 360
p/0136.jpg 1 0 0 640 360
p/0135.jpg 1 0 0 640 360
p/0134.jpg 1 0 0 640 360
p/0133.jpg 1 0 0 640 360
p/0132.jpg 1 0 0 640 360
p/0131.jpg 1 0 0 640 360
p/0130.jpg 1 0 0 640 360
p/0129.jpg 1 0 0 640 360
p/0128.jpg 1 0 0 640 360
p/0127.jpg 1 0 0 640 360
p/0126.jpg 1 0 0 640 360
p/0125.jpg 1 0 0 640 360
p/0124.jpg 1 0 0 640 360
p/0123.jpg 1 0 0 640 360
p/0122.jpg 1 0 0 640 360
p/0121.jpg 1 0 0 640 360
p/0120.jpg 1 0 0 640 360
p/0119.jpg 1 0 0 640 360
p/0118.jpg 1 0 0 640 360
p/0117.jpg 1 0 0 640 360
p/0116.jpg 1 0 0 640 360
p/0115.jpg 1 0 0 640 360
p/0114.jpg 1 0 0 640 360
p/0113.jpg 1 0 0 640 360
p/0112.jpg 1 0 0 640 360
p/0111.jpg 1 0 0 640 360
p/0110.jpg 1 0 0 640 360
p/0109.jpg 1 0 0 640 360
p/0108.jpg 1 0 0 640 360
p/0107.jpg 1 0 0 640 360
p/0106.jpg 1 0 0 640 360
p/0105.jpg 1 0 0 640 360
p/0104.jpg 1 0 0 640 360
p/0103.jpg 1 0 0 640 360
p/0102.jpg 1 0 0 640 360
p/0101.jpg 1 0 0 640 360
p/0100.jpg 1 0 0 640 360
p/0099.jpg 1 0 0 640 360
p/0098.jpg 1 0 0 640 360
p/0097.jpg 1 0 0 640 360
p/0096.jpg 1 0 0 640 360
p/0095.jpg 1 0 0 640 360
p/0094.jpg 1 0 0 640 360
p/0093.jpg 1 0 0 640 360
p/0092.jpg 1 0 0 640 360
p/0091.jpg 1 0 0 640 360
p/0090.jpg 1 0 0 640 360
p/0089.jpg 1 0 0 640 360
p/0088.jpg 1 0 0 640 360
p/0087.jpg 1 0 0 640 360
p/0086.jpg 1 0 0 640 360
p/0085.jpg 1 0 0 640 360
p/0084.jpg 1 0 0 640 360
p/0083.jpg 1 0 0 640 360
p/0082.jpg 1 0 0 640 360
p/0081.jpg 1 0 0 640 360
p/0080.jpg 1 0 0 640 360
p/0079.jpg 1 0 0 640 360
p/0078.jpg 1 0 0 640 360
p/0077.jpg 1 0 0 640 360
p/0076.jpg 1 0 0 640 360
p/0075.jpg 1 0 0 640 360
p/0074.jpg 1 0 0 640 360
p/0073.jpg 1 0 0 640 360
p/0072.jpg 1 0 0 640 360
p/0071.jpg 1 0 0 640 360
p/0070.jpg 1 0 0 640 360
p/0069.jpg 1 0 0 640 360
p/0068.jpg 1 0 0 640 360
p/0067.jpg 1 0 0 640 360
p/0066.jpg 1 0 0 640 360
p/0065.jpg 1 0 0 640 360
p/0064.jpg 1 0 0 640 360
p/0063.jpg 1 0 0 640 360
p/0062.jpg 1 0 0 640 360
p/0061.jpg 1 0 0 640 360
p/0060.jpg 1 0 0 640 360
p/0059.jpg 1 0 0 640 360
p/0058.jpg 1 0 0 640 360
p/0057.jpg 1 0 0 640 360
p/0056.jpg 1 0 0 640 360
p/0055.jpg 1 0 0 640 360
p/0054.jpg 1 0 0 640 360
p/0053.jpg 1 0 0 640 360
p/0052.jpg 1 0 0 640 360
p/0051.jpg 1 0 0 640 360
p/0050.jpg 1 0 0 640 360
p/0049.jpg 1 0 0 640 360
p/0048.jpg 1 0 0 640 360
p/0047.jpg 1 0 0 640 360
p/0046.jpg 1 0 0 640 360
p/0045.jpg 1 0 0 640 360
p/0044.jpg 1 0 0 640 360
p/0043.jpg 1 0 0 640 360
p/0042.jpg 1 0 0 640 360
p/0041.jpg 1 0 0 640 360
p/0040.jpg 1 0 0 640 360
p/0039.jpg 1 0 0 640 360
p/0038.jpg 1 0 0 640 360
p/0037.jpg 1 0 0 640 360
p/0036.jpg 1 0 0 640 360
p/0035.jpg 1 0 0 640 360
p/0034.jpg 1 0 0 640 360
p/0033.jpg 1 0 0 640 360
p/0032.jpg 1 0 0 640 360
p/0031.jpg 1 0 0 640 360
p/0030.jpg 1 0 0 640 360
p/0029.jpg 1 0 0 640 360
p/0028.jpg 1 0 0 640 360
p/0027.jpg 1 0 0 640 360
p/0026.jpg 1 0 0 640 360
p/0025.jpg 1 0 0 640 360
p/0024.jpg 1 0 0 640 360
p/0023.jpg 1 0 0 640 360
p/0022.jpg 1 0 0 640 360
p/0021.jpg 1 0 0 640 360
p/0020.jpg 1 0 0 640 360
p/0019.jpg 1 0 0 640 360
p/0018.jpg 1 0 0 640 360
p/0017.jpg 1 0 0 640 360
p/0016.jpg 1 0 0 640 360
p/0015.jpg 1 0 0 640 360
p/0014.jpg 1 0 0 640 360
p/0013.jpg 1 0 0 640 360
p/0012.jpg 1 0 0 640 360
p/0011.jpg 1 0 0 640 360
p/0010.jpg 1 0 0 640 360
p/0009.jpg 1 0 0 640 360
p/0008.jpg 1 0 0 640 360
p/0007.jpg 1 0 0 640 360
p/0006.jpg 1 0 0 640 360
p/0005.jpg 1 0 0 640 360
p/0004.jpg 1 0 0 640 360
p/0003.jpg 1 0 0 640 360
p/0002.jpg 1 0 0 640 360
p/0001.jpg 1 0 0 640 360