p/0408.jpg 1 0 0 720 400
p/0407.jpg 1 0 0 720 400
p/0406.jpg 1 0 0 720 400
p/0405.jpg 1 0 0 720 400
p/0404.jpg 1 0 0 720 400
p/0403.jpg 1 0 0 720 400
p/0402.jpg 1 0 0 720 400
p/0401.jpg 1 0 0 720 400
p/0400.jpg 1 0 0 720 400
p/0399.jpg 1 0 0 720 400
p/0398.jpg 1 0 0 720 400
p/0397.jpg 1 0 0 720 400
p/0396.jpg 1 0 0 720 400
p/0395.jpg 1 0 0 720 400
p/0394.jpg 1 0 0 720 400
p/0393.jpg 1 0 0 720 400
p/0392.jpg 1 0 0 720 400
p/0391.jpg 1 0 0 720 400
p/0390.jpg 1 0 0 720 400
p/0389.jpg 1 0 0 720 400
p/0388.jpg 1 0 0 720 400
p/0387.jpg 1 0 0 720 400
p/0386.jpg 1 0 0 720 400
p/0385.jpg 1 0 0 720 400
p/0384.jpg 1 0 0 720 400
p/0383.jpg 1 0 0 720 400
p/0382.jpg 1 0 0 720 400
p/0381.jpg 1 0 0 720 400
p/0380.jpg 1 0 0 720 400
p/0379.jpg 1 0 0 720 400
p/0378.jpg 1 0 0 720 400
p/0377.jpg 1 0 0 720 400
p/0376.jpg 1 0 0 720 400
p/0375.jpg 1 0 0 720 400
p/0374.jpg 1 0 0 720 400
p/0373.jpg 1 0 0 720 400
p/0372.jpg 1 0 0 720 400
p/0371.jpg 1 0 0 720 400
p/0370.jpg 1 0 0 720 400
p/0369.jpg 1 0 0 720 400
p/0368.jpg 1 0 0 720 400
p/0367.jpg 1 0 0 720 400
p/0366.jpg 1 0 0 720 400
p/0365.jpg 1 0 0 720 400
p/0364.jpg 1 0 0 720 400
p/0363.jpg 1 0 0 720 400
p/0362.jpg 1 0 0 720 400
p/0361.jpg 1 0 0 720 400
p/0360.jpg 1 0 0 720 400
p/0359.jpg 1 0 0 720 400
p/0358.jpg 1 0 0 720 400
p/0357.jpg 1 0 0 720 400
p/0356.jpg 1 0 0 720 400
p/0355.jpg 1 0 0 720 400
p/0354.jpg 1 0 0 720 400
p/0353.jpg 1 0 0 720 400
p/0352.jpg 1 0 0 720 400
p/0351.jpg 1 0 0 720 400
p/0350.jpg 1 0 0 720 400
p/0349.jpg 1 0 0 720 400
p/0348.jpg 1 0 0 720 400
p/0347.jpg 1 0 0 720 400
p/0346.jpg 1 0 0 720 400
p/0345.jpg 1 0 0 720 400
p/0344.jpg 1 0 0 720 400
p/0343.jpg 1 0 0 720 400
p/0342.jpg 1 0 0 720 400
p/0341.jpg 1 0 0 720 400
p/0340.jpg 1 0 0 720 400
p/0339.jpg 1 0 0 720 400
p/0338.jpg 1 0 0 720 400
p/0337.jpg 1 0 0 720 400
p/0336.jpg 1 0 0 720 400
p/0335.jpg 1 0 0 720 400
p/0334.jpg 1 0 0 720 400
p/0333.jpg 1 0 0 720 400
p/0332.jpg 1 0 0 720 400
p/0331.jpg 1 0 0 720 400
p/0330.jpg 1 0 0 720 400
p/0329.jpg 1 0 0 720 400
p/0328.jpg 1 0 0 720 400
p/0327.jpg 1 0 0 720 400
p/0326.jpg 1 0 0 720 400
p/0325.jpg 1 0 0 720 400
p/0324.jpg 1 0 0 720 400
p/0323.jpg 1 0 0 720 400
p/0322.jpg 1 0 0 720 400
p/0321.jpg 1 0 0 720 400
p/0320.jpg 1 0 0 720 400
p/0319.jpg 1 0 0 720 400
p/0318.jpg 1 0 0 720 400
p/0317.jpg 1 0 0 720 400
p/0316.jpg 1 0 0 720 400
p/0315.jpg 1 0 0 720 400
p/0314.jpg 1 0 0 720 400
p/0313.jpg 1 0 0 720 400
p/0312.jpg 1 0 0 720 400
p/0311.jpg 1 0 0 720 400
p/0310.jpg 1 0 0 720 400
p/0309.jpg 1 0 0 720 400
p/0308.jpg 1 0 0 720 400
p/0307.jpg 1 0 0 720 400
p/0306.jpg 1 0 0 720 400
p/0305.jpg 1 0 0 720 400
p/0304.jpg 1 0 0 720 400
p/0303.jpg 1 0 0 720 400
p/0302.jpg 1 0 0 720 400
p/0301.jpg 1 0 0 720 400
p/0300.jpg 1 0 0 720 400
p/0299.jpg 1 0 0 720 400
p/0298.jpg 1 0 0 720 400
p/0297.jpg 1 0 0 720 400
p/0296.jpg 1 0 0 720 400
p/0295.jpg 1 0 0 720 400
p/0294.jpg 1 0 0 720 400
p/0293.jpg 1 0 0 720 400
p/0292.jpg 1 0 0 720 400
p/0291.jpg 1 0 0 720 400
p/0290.jpg 1 0 0 720 400
p/0289.jpg 1 0 0 720 400
p/0288.jpg 1 0 0 720 400
p/0287.jpg 1 0 0 720 400
p/0286.jpg 1 0 0 720 400
p/0285.jpg 1 0 0 720 400
p/0284.jpg 1 0 0 720 400
p/0283.jpg 1 0 0 720 400
p/0282.jpg 1 0 0 720 400
p/0281.jpg 1 0 0 720 400
p/0280.jpg 1 0 0 720 400
p/0279.jpg 1 0 0 720 400
p/0278.jpg 1 0 0 720 400
p/0277.jpg 1 0 0 720 400
p/0276.jpg 1 0 0 720 400
p/0275.jpg 1 0 0 720 400
p/0274.jpg 1 0 0 720 400
p/0273.jpg 1 0 0 720 400
p/0272.jpg 1 0 0 720 400
p/0271.jpg 1 0 0 720 400
p/0270.jpg 1 0 0 720 400
p/0269.jpg 1 0 0 720 400
p/0268.jpg 1 0 0 720 400
p/0267.jpg 1 0 0 720 400
p/0266.jpg 1 0 0 720 400
p/0265.jpg 1 0 0 720 400
p/0264.jpg 1 0 0 720 400
p/0263.jpg 1 0 0 720 400
p/0262.jpg 1 0 0 720 400
p/0261.jpg 1 0 0 720 400
p/0260.jpg 1 0 0 720 400
p/0259.jpg 1 0 0 720 400
p/0258.jpg 1 0 0 720 400
p/0257.jpg 1 0 0 720 400
p/0256.jpg 1 0 0 720 400
p/0255.jpg 1 0 0 720 400
p/0254.jpg 1 0 0 720 400
p/0253.jpg 1 0 0 720 400
p/0252.jpg 1 0 0 720 400
p/0251.jpg 1 0 0 720 400
p/0250.jpg 1 0 0 720 400
p/0249.jpg 1 0 0 720 400
p/0248.jpg 1 0 0 720 400
p/0247.jpg 1 0 0 720 400
p/0246.jpg 1 0 0 720 400
p/0245.jpg 1 0 0 720 400
p/0244.jpg 1 0 0 720 400
p/0243.jpg 1 0 0 720 400
p/0242.jpg 1 0 0 720 400
p/0241.jpg 1 0 0 720 400
p/0240.jpg 1 0 0 720 400
p/0239.jpg 1 0 0 720 400
p/0238.jpg 1 0 0 720 400
p/0237.jpg 1 0 0 720 400
p/0236.jpg 1 0 0 720 400
p/0235.jpg 1 0 0 720 400
p/0234.jpg 1 0 0 720 400
p/0233.jpg 1 0 0 720 400
p/0232.jpg 1 0 0 720 400
p/0231.jpg 1 0 0 720 400
p/0230.jpg 1 0 0 720 400
p/0229.jpg 1 0 0 720 400
p/0228.jpg 1 0 0 720 400
p/0227.jpg 1 0 0 720 400
p/0226.jpg 1 0 0 720 400
p/0225.jpg 1 0 0 720 400
p/0224.jpg 1 0 0 720 400
p/0223.jpg 1 0 0 720 400
p/0222.jpg 1 0 0 720 400
p/0221.jpg 1 0 0 720 400
p/0220.jpg 1 0 0 720 400
p/0219.jpg 1 0 0 720 400
p/0218.jpg 1 0 0 720 400
p/0217.jpg 1 0 0 720 400
p/0216.jpg 1 0 0 720 400
p/0215.jpg 1 0 0 720 400
p/0214.jpg 1 0 0 720 400
p/0213.jpg 1 0 0 720 400
p/0212.jpg 1 0 0 720 400
p/0211.jpg 1 0 0 720 400
p/0210.jpg 1 0 0 720 400
p/0209.jpg 1 0 0 720 400
p/0208.jpg 1 0 0 720 400
p/0207.jpg 1 0 0 720 400
p/0206.jpg 1 0 0 720 400
p/0205.jpg 1 0 0 720 400
p/0204.jpg 1 0 0 720 400
p/0203.jpg 1 0 0 720 400
p/0202.jpg 1 0 0 720 400
p/0201.jpg 1 0 0 720 400
p/0200.jpg 1 0 0 720 400
p/0199.jpg 1 0 0 720 400
p/0198.jpg 1 0 0 720 400
p/0197.jpg 1 0 0 720 400
p/0196.jpg 1 0 0 720 400
p/0195.jpg 1 0 0 720 400
p/0194.jpg 1 0 0 720 400
p/0193.jpg 1 0 0 720 400
p/0192.jpg 1 0 0 720 400
p/0191.jpg 1 0 0 720 400
p/0190.jpg 1 0 0 720 400
p/0189.jpg 1 0 0 720 400
p/0188.jpg 1 0 0 720 400
p/0187.jpg 1 0 0 720 400
p/0186.jpg 1 0 0 720 400
p/0185.jpg 1 0 0 720 400
p/0184.jpg 1 0 0 720 400
p/0183.jpg 1 0 0 720 400
p/0182.jpg 1 0 0 720 400
p/0181.jpg 1 0 0 720 400
p/0180.jpg 1 0 0 720 400
p/0179.jpg 1 0 0 720 400
p/0178.jpg 1 0 0 720 400
p/0177.jpg 1 0 0 720 400
p/0176.jpg 1 0 0 720 400
p/0175.jpg 1 0 0 720 400
p/0174.jpg 1 0 0 720 400
p/0173.jpg 1 0 0 720 400
p/0172.jpg 1 0 0 720 400
p/0171.jpg 1 0 0 720 400
p/0170.jpg 1 0 0 720 400
p/0169.jpg 1 0 0 720 400
p/0168.jpg 1 0 0 720 400
p/0167.jpg 1 0 0 720 400
p/0166.jpg 1 0 0 720 400
p/0165.jpg 1 0 0 720 400
p/0164.jpg 1 0 0 720 400
p/0163.jpg 1 0 0 720 400
p/0162.jpg 1 0 0 720 400
p/0161.jpg 1 0 0 720 400
p/0160.jpg 1 0 0 720 400
p/0159.jpg 1 0 0 720 400
p/0158.jpg 1 0 0 720 400
p/0157.jpg 1 0 0 720 400
p/0156.jpg 1 0 0 720 400
p/0155.jpg 1 0 0 720 400
p/0154.jpg 1 0 0 720 400
p/0153.jpg 1 0 0 720 400
p/0152.jpg 1 0 0 720 400
p/0151.jpg 1 0 0 720 400
p/0150.jpg 1 0 0 720 400
p/0149.jpg 1 0 0 720 400
p/0148.jpg 1 0 0 720 400
p/0147.jpg 1 0 0 720 400
p/0146.jpg 1 0 0 720 400
p/0145.jpg 1 0 0 720 400
p/0144.jpg 1 0 0 720 400
p/0143.jpg 1 0 0 720 400
p/0142.jpg 1 0 0 720 400
p/0141.jpg 1 0 0 720 400
p/0140.jpg 1 0 0 720 400
p/0139.jpg 1 0 0 720 400
p/0138.jpg 1 0 0 720 400
p/0137.jpg 1 0 0 720 400
p/0136.jpg 1 0 0 720 400
p/0135.jpg 1 0 0 720 400
p/0134.jpg 1 0 0 720 400
p/0133.jpg 1 0 0 720 400
p/0132.jpg 1 0 0 720 400
p/0131.jpg 1 0 0 720 400
p/0130.jpg 1 0 0 720 400
p/0129.jpg 1 0 0 720 400
p/0128.jpg 1 0 0 720 400
p/0127.jpg 1 0 0 720 400
p/0126.jpg 1 0 0 720 400
p/0125.jpg 1 0 0 720 400
p/0124.jpg 1 0 0 720 400
p/0123.jpg 1 0 0 720 400
p/0122.jpg 1 0 0 720 400
p/0121.jpg 1 0 0 720 400
p/0120.jpg 1 0 0 720 400
p/0119.jpg 1 0 0 720 400
p/0118.jpg 1 0 0 720 400
p/0117.jpg 1 0 0 720 400
p/0116.jpg 1 0 0 720 400
p/0115.jpg 1 0 0 720 400
p/0114.jpg 1 0 0 720 400
p/0113.jpg 1 0 0 720 400
p/0112.jpg 1 0 0 720 400
p/0111.jpg 1 0 0 720 400
p/0110.jpg 1 0 0 720 400
p/0109.jpg 1 0 0 720 400
p/0108.jpg 1 0 0 720 400
p/0107.jpg 1 0 0 720 400
p/0106.jpg 1 0 0 720 400
p/0105.jpg 1 0 0 720 400
p/0104.jpg 1 0 0 720 400
p/0103.jpg 1 0 0 720 400
p/0102.jpg 1 0 0 720 400
p/0101.jpg 1 0 0 720 400
p/0100.jpg 1 0 0 720 400
p/0099.jpg 1 0 0 720 400
p/0098.jpg 1 0 0 720 400
p/0097.jpg 1 0 0 720 400
p/0096.jpg 1 0 0 720 400
p/0095.jpg 1 0 0 720 400
p/0094.jpg 1 0 0 720 400
p/0093.jpg 1 0 0 720 400
p/0092.jpg 1 0 0 720 400
p/0091.jpg 1 0 0 720 400
p/0090.jpg 1 0 0 720 400
p/0089.jpg 1 0 0 720 400
p/0088.jpg 1 0 0 720 400
p/0087.jpg 1 0 0 720 400
p/0086.jpg 1 0 0 720 400
p/0085.jpg 1 0 0 720 400
p/0084.jpg 1 0 0 720 400
p/0083.jpg 1 0 0 720 400
p/0082.jpg 1 0 0 720 400
p/0081.jpg 1 0 0 720 400
p/0080.jpg 1 0 0 720 400
p/0079.jpg 1 0 0 720 400
p/0078.jpg 1 0 0 720 400
p/0077.jpg 1 0 0 720 400
p/0076.jpg 1 0 0 720 400
p/0075.jpg 1 0 0 720 400
p/0074.jpg 1 0 0 720 400
p/0073.jpg 1 0 0 720 400
p/0072.jpg 1 0 0 720 400
p/0071.jpg 1 0 0 720 400
p/0070.jpg 1 0 0 720 400
p/0069.jpg 1 0 0 720 400
p/0068.jpg 1 0 0 720 400
p/0067.jpg 1 0 0 720 400
p/0066.jpg 1 0 0 720 400
p/0065.jpg 1 0 0 720 400
p/0064.jpg 1 0 0 720 400
p/0063.jpg 1 0 0 720 400
p/0062.jpg 1 0 0 720 400
p/0061.jpg 1 0 0 720 400
p/0060.jpg 1 0 0 720 400
p/0059.jpg 1 0 0 720 400
p/0058.jpg 1 0 0 720 400
p/0057.jpg 1 0 0 720 400
p/0056.jpg 1 0 0 720 400
p/0055.jpg 1 0 0 720 400
p/0054.jpg 1 0 0 720 400
p/0053.jpg 1 0 0 720 400
p/0052.jpg 1 0 0 720 400
p/0051.jpg 1 0 0 720 400
p/0050.jpg 1 0 0 720 400
p/0049.jpg 1 0 0 720 400
p/0048.jpg 1 0 0 720 400
p/0047.jpg 1 0 0 720 400
p/0046.jpg 1 0 0 720 400
p/0045.jpg 1 0 0 720 400
p/0044.jpg 1 0 0 720 400
p/0043.jpg 1 0 0 720 400
p/0042.jpg 1 0 0 720 400
p/0041.jpg 1 0 0 720 400
p/0040.jpg 1 0 0 720 400
p/0039.jpg 1 0 0 720 400
p/0038.jpg 1 0 0 720 400
p/0037.jpg 1 0 0 720 400
p/0036.jpg 1 0 0 720 400
p/0035.jpg 1 0 0 720 400
p/0034.jpg 1 0 0 720 400
p/0033.jpg 1 0 0 720 400
p/0032.jpg 1 0 0 720 400
p/0031.jpg 1 0 0 720 400
p/0030.jpg 1 0 0 720 400
p/0029.jpg 1 0 0 720 400
p/0028.jpg 1 0 0 720 400
p/0027.jpg 1 0 0 720 400
p/0026.jpg 1 0 0 720 400
p/0025.jpg 1 0 0 720 400
p/0024.jpg 1 0 0 720 400
p/0023.jpg 1 0 0 720 400
p/0022.jpg 1 0 0 720 400
p/0021.jpg 1 0 0 720 400
p/0020.jpg 1 0 0 720 400
p/0019.jpg 1 0 0 720 400
p/0018.jpg 1 0 0 720 400
p/0017.jpg 1 0 0 720 400
p/0016.jpg 1 0 0 720 400
p/0015.jpg 1 0 0 720 400
p/0014.jpg 1 0 0 720 400
p/0013.jpg 1 0 0 720 400
p/0012.jpg 1 0 0 720 400
p/0011.jpg 1 0 0 720 400
p/0010.jpg 1 0 0 720 400
p/0009.jpg 1 0 0 720 400
p/0008.jpg 1 0 0 720 400
p/0007.jpg 1 0 0 720 400
p/0006.jpg 1 0 0 720 400
p/0005.jpg 1 0 0 720 400
p/0004.jpg 1 0 0 720 400
p/0003.jpg 1 0 0 720 400
p/0002.jpg 1 0 0 720 400
p/0001.jpg 1 0 0 720 400